TN:
SF:src/modules/appointments/services/CreateAppointmentService.ts
FN:14,(anonymous_18)
FN:15,CreateAppointmentService
FN:20,(anonymous_20)
FNF:3
FNH:3
FNDA:1,(anonymous_18)
FNDA:2,CreateAppointmentService
FNDA:3,(anonymous_20)
DA:1,1
DA:2,1
DA:3,1
DA:14,1
DA:17,2
DA:20,1
DA:21,3
DA:22,3
DA:24,3
DA:26,3
DA:30,3
DA:31,1
DA:34,2
DA:39,2
DA:41,1
DA:43,1
LF:16
LH:16
BRDA:30,0,0,1
BRDA:30,0,1,2
BRF:2
BRH:2
end_of_record
TN:
SF:src/modules/appointments/services/ListProviderMonthAvailability.ts
FN:17,(anonymous_17)
FN:18,ListProviderMonthAvailability
FN:23,(anonymous_19)
FN:39,(anonymous_22)
FN:42,(anonymous_23)
FN:44,(anonymous_24)
FNF:6
FNH:6
FNDA:1,(anonymous_17)
FNDA:1,ListProviderMonthAvailability
FNDA:1,(anonymous_19)
FNDA:31,(anonymous_22)
FNDA:31,(anonymous_23)
FNDA:341,(anonymous_24)
DA:1,1
DA:2,1
DA:17,1
DA:20,1
DA:23,1
DA:24,1
DA:25,1
DA:26,1
DA:28,1
DA:36,1
DA:37,1
DA:39,31
DA:42,1
DA:43,31
DA:44,341
DA:47,31
DA:53,1
DA:55,1
DA:57,1
LF:19
LH:19
BRDA:28,0,0,1
BRF:1
BRH:1
end_of_record
TN:
SF:src/modules/appointments/services/ListProvidersService.ts
FN:6,(anonymous_17)
FN:7,ListprovidersService
FN:11,(anonymous_19)
FNF:3
FNH:3
FNDA:1,(anonymous_17)
FNDA:2,ListprovidersService
FNDA:2,(anonymous_19)
DA:1,1
DA:6,1
DA:8,2
DA:11,1
DA:12,2
DA:16,2
DA:18,1
DA:20,1
LF:8
LH:8
BRDA:12,0,0,2
BRF:1
BRH:1
end_of_record
TN:
SF:src/modules/users/services/AuthenticateUserService.ts
FN:19,(anonymous_18)
FN:20,AuthenticateUserService
FN:25,(anonymous_20)
FNF:3
FNH:3
FNDA:1,(anonymous_18)
FNDA:3,AuthenticateUserService
FNDA:3,(anonymous_20)
DA:1,1
DA:2,1
DA:3,1
DA:5,1
DA:19,1
DA:21,3
DA:22,3
DA:25,3
DA:26,3
DA:28,3
DA:29,1
DA:31,2
DA:35,2
DA:36,1
DA:39,1
DA:40,1
DA:45,1
DA:47,1
DA:49,1
LF:19
LH:19
BRDA:26,0,0,3
BRDA:28,1,0,1
BRDA:28,1,1,2
BRDA:35,2,0,1
BRDA:35,2,1,1
BRF:5
BRH:5
end_of_record
TN:
SF:src/modules/users/services/CreateUserService.ts
FN:14,(anonymous_18)
FN:15,CreateUserService
FN:20,(anonymous_20)
FNF:3
FNH:3
FNDA:2,(anonymous_18)
FNDA:5,CreateUserService
FNDA:5,(anonymous_20)
DA:1,2
DA:2,2
DA:14,2
DA:16,5
DA:17,5
DA:20,2
DA:21,5
DA:22,5
DA:23,5
DA:25,5
DA:27,5
DA:28,1
DA:30,4
DA:31,4
DA:37,4
DA:39,2
DA:41,2
LF:17
LH:17
BRDA:25,0,0,5
BRDA:27,1,0,1
BRDA:27,1,1,4
BRF:3
BRH:3
end_of_record
TN:
SF:src/modules/users/services/ResetPasswordService.ts
FN:14,(anonymous_18)
FN:15,ResetPasswordService
FN:26,(anonymous_20)
FNF:3
FNH:3
FNDA:1,(anonymous_18)
FNDA:4,ResetPasswordService
FNDA:4,(anonymous_20)
DA:1,1
DA:2,1
DA:3,1
DA:14,1
DA:17,4
DA:20,4
DA:23,4
DA:26,4
DA:27,4
DA:29,4
DA:31,3
DA:33,3
DA:35,2
DA:36,2
DA:37,1
DA:39,1
DA:40,1
DA:42,2
DA:44,1
DA:46,1
LF:20
LH:20
BRDA:27,0,0,4
BRDA:29,1,0,1
BRDA:29,1,1,3
BRDA:33,2,0,1
BRDA:33,2,1,2
BRDA:36,3,0,1
BRDA:36,3,1,1
BRF:7
BRH:7
end_of_record
TN:
SF:src/modules/users/services/SendForgotPasswordEmailService.ts
FN:13,(anonymous_18)
FN:14,SendForgotPasswordEmailService
FN:21,(anonymous_20)
FNF:3
FNH:3
FNDA:1,(anonymous_18)
FNDA:3,SendForgotPasswordEmailService
FNDA:3,(anonymous_20)
DA:1,1
DA:2,1
DA:3,1
DA:13,1
DA:15,3
DA:16,3
DA:18,3
DA:21,3
DA:22,3
DA:24,3
DA:26,2
DA:28,2
DA:35,4
DA:51,1
DA:53,1
LF:15
LH:15
BRDA:22,0,0,3
BRDA:24,1,0,1
BRDA:24,1,1,2
BRF:3
BRH:3
end_of_record
TN:
SF:src/modules/users/services/ShowProfileService.ts
FN:6,(anonymous_17)
FN:7,ShowProfileService
FN:11,(anonymous_19)
FNF:3
FNH:3
FNDA:1,(anonymous_17)
FNDA:1,ShowProfileService
FNDA:1,(anonymous_19)
DA:1,1
DA:6,1
DA:8,1
DA:11,1
DA:12,1
DA:14,1
DA:16,1
DA:18,1
LF:8
LH:8
BRDA:12,0,0,1
BRF:1
BRH:1
end_of_record
TN:
SF:src/modules/users/services/UpdateProfileService.ts
FN:16,(anonymous_18)
FN:17,UpdateProfileService
FN:22,(anonymous_20)
FNF:3
FNH:3
FNDA:1,(anonymous_18)
FNDA:5,UpdateProfileService
FNDA:5,(anonymous_20)
DA:1,1
DA:2,1
DA:16,1
DA:18,5
DA:19,5
DA:22,1
DA:23,5
DA:24,5
DA:25,5
DA:26,5
DA:27,5
DA:29,5
DA:31,5
DA:32,1
DA:35,4
DA:37,4
DA:38,1
DA:41,4
DA:42,2
DA:46,2
DA:47,1
DA:49,1
DA:52,2
DA:53,2
DA:55,2
DA:57,1
DA:59,1
LF:27
LH:27
BRDA:29,0,0,5
BRDA:31,1,0,1
BRDA:31,1,1,4
BRDA:37,2,0,1
BRDA:37,2,1,3
BRDA:37,3,0,4
BRDA:37,3,1,1
BRDA:41,4,0,1
BRDA:41,4,1,2
BRDA:41,5,0,3
BRDA:41,5,1,2
BRDA:46,6,0,1
BRDA:46,6,1,1
BRF:13
BRH:13
end_of_record
TN:
SF:src/modules/users/services/UpdateUserAvatarService.ts
FN:13,(anonymous_18)
FN:14,UpdateUserAvatarService
FN:19,(anonymous_20)
FNF:3
FNH:3
FNDA:1,(anonymous_18)
FNDA:3,UpdateUserAvatarService
FNDA:4,(anonymous_20)
DA:1,1
DA:2,1
DA:13,1
DA:15,3
DA:16,3
DA:19,4
DA:20,4
DA:22,4
DA:23,1
DA:29,5
DA:30,2
DA:33,3
DA:34,3
DA:35,6
DA:36,3
DA:38,3
DA:40,1
DA:42,1
LF:18
LH:18
BRDA:20,0,0,4
BRDA:20,0,1,3
BRDA:22,1,0,1
BRDA:22,1,1,3
BRDA:29,2,0,2
BRDA:29,2,1,1
BRF:6
BRH:6
end_of_record
