TN:
SF:src/modules/appointments/services/CreateAppointmentService.ts
FN:23,(anonymous_18)
FN:24,CreateAppointmentService
FN:35,(anonymous_20)
FN:66,(anonymous_23)
FNF:4
FNH:4
FNDA:1,(anonymous_18)
FNDA:5,CreateAppointmentService
FNDA:6,(anonymous_20)
FNDA:6,(anonymous_23)
DA:1,1
DA:2,1
DA:3,1
DA:23,1
DA:26,5
DA:29,5
DA:32,5
DA:35,1
DA:36,6
DA:37,6
DA:38,6
DA:40,6
DA:42,12
DA:44,1
DA:50,1
DA:55,2
DA:57,1
DA:58,2
DA:63,1
DA:66,1
DA:67,6
DA:68,6
DA:69,6
DA:71,6
DA:72,6
DA:73,2
DA:75,4
DA:76,1
DA:80,3
DA:84,3
DA:85,1
DA:88,2
DA:89,1
DA:91,1
DA:93,1
LF:35
LH:35
BRDA:72,0,0,2
BRDA:72,0,1,4
BRDA:75,1,0,1
BRDA:75,1,1,3
BRDA:75,2,0,4
BRDA:75,2,1,3
BRDA:84,3,0,1
BRDA:84,3,1,2
BRDA:88,4,0,1
BRDA:88,4,1,1
BRF:10
BRH:10
end_of_record
TN:
SF:src/modules/appointments/services/ListProviderAppointmentsService.ts
FN:14,(anonymous_17)
FN:15,ListProviderAppointmentsService
FN:23,(anonymous_19)
FNF:3
FNH:3
FNDA:1,(anonymous_17)
FNDA:1,ListProviderAppointmentsService
FNDA:1,(anonymous_19)
DA:1,1
DA:14,1
DA:17,1
DA:20,1
DA:23,1
DA:24,1
DA:25,1
DA:26,1
DA:27,1
DA:29,1
DA:31,1
DA:34,1
DA:35,1
DA:44,1
DA:45,2
DA:48,1
DA:50,1
DA:52,1
LF:18
LH:18
BRDA:48,0,0,1
BRDA:34,1,0,0
BRDA:34,1,1,1
BRF:3
BRH:2
end_of_record
TN:
SF:src/modules/appointments/services/ListProviderDayAvailability.ts
FN:18,(anonymous_17)
FN:19,ListProviderDayAvailability
FN:24,(anonymous_19)
FN:42,(anonymous_22)
FN:46,(anonymous_23)
FN:48,(anonymous_24)
FNF:6
FNH:6
FNDA:1,(anonymous_17)
FNDA:1,ListProviderDayAvailability
FNDA:1,(anonymous_19)
FNDA:10,(anonymous_22)
FNDA:10,(anonymous_23)
FNDA:19,(anonymous_24)
DA:1,1
DA:2,1
DA:18,1
DA:21,1
DA:24,1
DA:25,1
DA:26,1
DA:27,1
DA:28,1
DA:30,1
DA:39,1
DA:40,1
DA:42,10
DA:45,1
DA:46,1
DA:47,10
DA:48,19
DA:51,10
DA:53,10
DA:59,1
DA:61,1
DA:63,1
LF:22
LH:22
BRDA:30,0,0,1
BRDA:55,1,0,10
BRDA:55,1,1,8
BRF:3
BRH:3
end_of_record
TN:
SF:src/modules/appointments/services/ListProviderMonthAvailability.ts
FN:17,(anonymous_17)
FN:18,ListProviderMonthAvailability
FN:23,(anonymous_19)
FN:39,(anonymous_22)
FN:42,(anonymous_23)
FN:44,(anonymous_24)
FNF:6
FNH:6
FNDA:1,(anonymous_17)
FNDA:1,ListProviderMonthAvailability
FNDA:1,(anonymous_19)
FNDA:31,(anonymous_22)
FNDA:31,(anonymous_23)
FNDA:341,(anonymous_24)
DA:1,1
DA:2,1
DA:17,1
DA:20,1
DA:23,1
DA:24,1
DA:25,1
DA:26,1
DA:28,1
DA:36,1
DA:37,1
DA:39,31
DA:42,1
DA:43,31
DA:44,341
DA:47,31
DA:53,1
DA:55,1
DA:57,1
LF:19
LH:19
BRDA:28,0,0,1
BRF:1
BRH:1
end_of_record
TN:
SF:src/modules/appointments/services/ListProvidersService.ts
FN:7,(anonymous_17)
FN:8,ListprovidersService
FN:14,(anonymous_19)
FNF:3
FNH:3
FNDA:1,(anonymous_17)
FNDA:2,ListprovidersService
FNDA:2,(anonymous_19)
DA:1,1
DA:7,1
DA:9,2
DA:11,2
DA:14,1
DA:15,2
DA:19,2
DA:20,2
DA:24,4
DA:27,2
DA:29,1
DA:31,1
LF:12
LH:12
BRDA:15,0,0,2
BRDA:15,0,1,2
BRDA:19,1,0,0
BRDA:19,1,1,2
BRF:4
BRH:3
end_of_record
TN:
SF:src/modules/users/services/AuthenticateUserService.ts
FN:19,(anonymous_18)
FN:20,AuthenticateUserService
FN:25,(anonymous_20)
FNF:3
FNH:3
FNDA:1,(anonymous_18)
FNDA:3,AuthenticateUserService
FNDA:3,(anonymous_20)
DA:1,1
DA:2,1
DA:3,1
DA:5,1
DA:19,1
DA:21,3
DA:22,3
DA:25,3
DA:26,3
DA:28,3
DA:29,1
DA:31,2
DA:35,2
DA:36,1
DA:39,1
DA:40,1
DA:45,1
DA:47,1
DA:49,1
LF:19
LH:19
BRDA:26,0,0,3
BRDA:28,1,0,1
BRDA:28,1,1,2
BRDA:35,2,0,1
BRDA:35,2,1,1
BRF:5
BRH:5
end_of_record
TN:
SF:src/modules/users/services/CreateUserService.ts
FN:15,(anonymous_18)
FN:16,CreateUserService
FN:23,(anonymous_20)
FNF:3
FNH:3
FNDA:1,(anonymous_18)
FNDA:2,CreateUserService
FNDA:3,(anonymous_20)
DA:1,1
DA:2,1
DA:15,1
DA:17,2
DA:18,2
DA:20,2
DA:23,1
DA:24,3
DA:25,3
DA:26,3
DA:28,3
DA:30,3
DA:31,1
DA:33,2
DA:34,2
DA:40,4
DA:42,2
DA:44,1
DA:46,1
LF:19
LH:19
BRDA:28,0,0,3
BRDA:30,1,0,1
BRDA:30,1,1,2
BRF:3
BRH:3
end_of_record
TN:
SF:src/modules/users/services/ResetPasswordService.ts
FN:14,(anonymous_18)
FN:15,ResetPasswordService
FN:26,(anonymous_20)
FNF:3
FNH:3
FNDA:1,(anonymous_18)
FNDA:4,ResetPasswordService
FNDA:4,(anonymous_20)
DA:1,1
DA:2,1
DA:3,1
DA:14,1
DA:17,4
DA:20,4
DA:23,4
DA:26,4
DA:27,4
DA:29,4
DA:31,3
DA:33,3
DA:35,2
DA:36,2
DA:37,1
DA:39,1
DA:40,1
DA:42,2
DA:44,1
DA:46,1
LF:20
LH:20
BRDA:27,0,0,4
BRDA:29,1,0,1
BRDA:29,1,1,3
BRDA:33,2,0,1
BRDA:33,2,1,2
BRDA:36,3,0,1
BRDA:36,3,1,1
BRF:7
BRH:7
end_of_record
TN:
SF:src/modules/users/services/SendForgotPasswordEmailService.ts
FN:13,(anonymous_18)
FN:14,SendForgotPasswordEmailService
FN:21,(anonymous_20)
FNF:3
FNH:3
FNDA:1,(anonymous_18)
FNDA:3,SendForgotPasswordEmailService
FNDA:3,(anonymous_20)
DA:1,1
DA:2,1
DA:3,1
DA:13,1
DA:15,3
DA:16,3
DA:18,3
DA:21,3
DA:22,3
DA:24,3
DA:26,2
DA:28,2
DA:35,4
DA:51,1
DA:53,1
LF:15
LH:15
BRDA:22,0,0,3
BRDA:24,1,0,1
BRDA:24,1,1,2
BRF:3
BRH:3
end_of_record
TN:
SF:src/modules/users/services/ShowProfileService.ts
FN:6,(anonymous_17)
FN:7,ShowProfileService
FN:11,(anonymous_19)
FNF:3
FNH:3
FNDA:1,(anonymous_17)
FNDA:1,ShowProfileService
FNDA:1,(anonymous_19)
DA:1,1
DA:6,1
DA:8,1
DA:11,1
DA:12,1
DA:14,1
DA:16,1
DA:18,1
LF:8
LH:8
BRDA:12,0,0,1
BRF:1
BRH:1
end_of_record
TN:
SF:src/modules/users/services/UpdateProfileService.ts
FN:16,(anonymous_18)
FN:17,UpdateProfileService
FN:22,(anonymous_20)
FNF:3
FNH:3
FNDA:1,(anonymous_18)
FNDA:5,UpdateProfileService
FNDA:5,(anonymous_20)
DA:1,1
DA:2,1
DA:16,1
DA:18,5
DA:19,5
DA:22,1
DA:23,5
DA:24,5
DA:25,5
DA:26,5
DA:27,5
DA:29,5
DA:31,5
DA:32,1
DA:35,4
DA:37,4
DA:38,1
DA:41,4
DA:42,2
DA:46,2
DA:47,1
DA:49,1
DA:52,2
DA:53,2
DA:55,2
DA:57,1
DA:59,1
LF:27
LH:27
BRDA:29,0,0,5
BRDA:31,1,0,1
BRDA:31,1,1,4
BRDA:37,2,0,1
BRDA:37,2,1,3
BRDA:37,3,0,4
BRDA:37,3,1,1
BRDA:41,4,0,1
BRDA:41,4,1,2
BRDA:41,5,0,3
BRDA:41,5,1,2
BRDA:46,6,0,1
BRDA:46,6,1,1
BRF:13
BRH:13
end_of_record
TN:
SF:src/modules/users/services/UpdateUserAvatarService.ts
FN:13,(anonymous_18)
FN:14,UpdateUserAvatarService
FN:19,(anonymous_20)
FNF:3
FNH:3
FNDA:1,(anonymous_18)
FNDA:3,UpdateUserAvatarService
FNDA:4,(anonymous_20)
DA:1,1
DA:2,1
DA:13,1
DA:15,3
DA:16,3
DA:19,4
DA:20,4
DA:22,4
DA:23,1
DA:29,5
DA:30,2
DA:33,3
DA:34,3
DA:35,6
DA:36,3
DA:38,3
DA:40,1
DA:42,1
LF:18
LH:18
BRDA:20,0,0,4
BRDA:20,0,1,3
BRDA:22,1,0,1
BRDA:22,1,1,3
BRDA:29,2,0,2
BRDA:29,2,1,1
BRF:6
BRH:6
end_of_record
